<?xml version="1.0" encoding="UTF-8"?>
<testng-results ignored="0" total="1" passed="1" failed="0" skipped="0">
  <reporter-output>
  </reporter-output>
  <suite started-at="2024-02-16T16:30:47 IST" name="Default suite" finished-at="2024-02-16T16:32:42 IST" duration-ms="114493">
    <groups>
    </groups>
    <test started-at="2024-02-16T16:30:47 IST" name="Default test" finished-at="2024-02-16T16:32:42 IST" duration-ms="114493">
      <class name="Testperform.practiceAppim.EcommerceTestCase_3">
        <test-method is-config="true" signature="setup()[pri:0, instance:Testperform.practiceAppim.EcommerceTestCase_3@41a2befb]" started-at="2024-02-16T16:30:47 IST" name="setup" finished-at="2024-02-16T16:31:06 IST" duration-ms="18447" status="PASS">
          <reporter-output>
          </reporter-output>
        </test-method> <!-- setup -->
        <test-method signature="verifyFristTestCase()[pri:0, instance:Testperform.practiceAppim.EcommerceTestCase_3@41a2befb]" started-at="2024-02-16T16:31:06 IST" name="verifyFristTestCase" finished-at="2024-02-16T16:32:41 IST" duration-ms="95029" status="PASS">
          <reporter-output>
          </reporter-output>
        </test-method> <!-- verifyFristTestCase -->
        <test-method is-config="true" signature="tearDown()[pri:0, instance:Testperform.practiceAppim.EcommerceTestCase_3@41a2befb]" started-at="2024-02-16T16:32:41 IST" name="tearDown" finished-at="2024-02-16T16:32:42 IST" duration-ms="896" status="PASS">
          <reporter-output>
          </reporter-output>
        </test-method> <!-- tearDown -->
      </class> <!-- Testperform.practiceAppim.EcommerceTestCase_3 -->
    </test> <!-- Default test -->
  </suite> <!-- Default suite -->
</testng-results>
